[2019-04-29 03:08:51] BigCommerce.INFO: Starting import [] []
[2019-04-29 03:08:53] BigCommerce.INFO: Running import task {"state":"started","description":"Fetching currency settings"} []
[2019-04-29 03:08:53] BigCommerce.DEBUG: Requesting store settings [] []
[2019-04-29 03:08:53] BigCommerce.DEBUG: Retrieved store settings {"settings":{"bigcommerce_currency_code":"USD","bigcommerce_currency_symbol":"$","bigcommerce_currency_symbol_position":"left","bigcommerce_decimal_units":2,"bigcommerce_integer_units":2,"bigcommerce_mass_unit":"oz","bigcommerce_length_unit":"in","bigcommerce_facebook_pixel_id":"","bigcommerce_google_analytics_id":"UA-136313553-1"}} []
[2019-04-29 03:08:58] BigCommerce.INFO: Running import task {"state":"fetched_store","description":"Fetching existing listings from the BigCommerce API"} []
[2019-04-29 03:08:58] BigCommerce.DEBUG: Retrieving listings {"limit":50,"after":null} []
[2019-04-29 03:09:27] BigCommerce.INFO: Running import task {"state":"fetched_listing_ids","description":"Adding listings to the channel"} []
[2019-04-29 03:09:27] BigCommerce.DEBUG: Retrieving products {"limit":50,"page":1} []
[2019-04-29 03:09:27] BigCommerce.DEBUG: Product already linked to channel. Skipping. {"product_id":112,"channel_id":16120} []
[2019-04-29 03:09:27] BigCommerce.DEBUG: Product already linked to channel. Skipping. {"product_id":113,"channel_id":16120} []
[2019-04-29 03:09:40] BigCommerce.INFO: Running import task {"state":"initialized_channel","description":"Updating Categories"} []
[2019-04-29 03:09:40] BigCommerce.DEBUG: Importing terms for bigcommerce_category taxonomy {"page":1,"limit":5,"taxonomy":"bigcommerce_category"} []
[2019-04-29 03:09:44] BigCommerce.INFO: Running import task {"state":"updated_categories","description":"Updating Brands"} []
[2019-04-29 03:09:44] BigCommerce.DEBUG: Importing terms for bigcommerce_brand taxonomy {"page":1,"limit":5,"taxonomy":"bigcommerce_brand"} []
[2019-04-29 03:09:58] BigCommerce.INFO: Running import task {"state":"updated_brands","description":"Fetching product data from the BigCommerce API"} []
[2019-04-29 03:09:58] BigCommerce.DEBUG: Retrieving listings {"limit":50,"after":null} []
[2019-04-29 03:09:58] BigCommerce.DEBUG: Retrieving products found in listings {"limit":50,"ids":[112,113]} []
[2019-04-29 03:09:58] BigCommerce.DEBUG: Adding products to the import queue {"count":2} []
[2019-04-29 03:10:09] BigCommerce.INFO: Running import task {"state":"fetched_product_ids","description":"Identifying products to remove from WordPress"} []
[2019-04-29 03:10:14] BigCommerce.INFO: Running import task {"state":"marked_deleted_products","description":"Importing products"} []
[2019-04-29 03:10:14] BigCommerce.DEBUG: Handling product from import queue {"product_id":"112","attempt":"0","action":"update"} []
[2019-04-29 03:10:14] BigCommerce.DEBUG: Product imported successfully {"product_id":"112","action":"update"} []
[2019-04-29 03:10:14] BigCommerce.DEBUG: Handling product from import queue {"product_id":"113","attempt":"0","action":"update"} []
[2019-04-29 03:10:14] BigCommerce.DEBUG: Product imported successfully {"product_id":"113","action":"update"} []
[2019-04-29 03:10:14] BigCommerce.DEBUG: Completed import bach {"count":2,"remaining":0} []
[2019-04-29 03:10:28] BigCommerce.INFO: Running import task {"state":"processed_queue","description":"Wrapping up"} []
[2019-04-29 03:10:28] BigCommerce.INFO: Import complete [] []
